<?xml version="1.0" encoding="UTF-8"?>
<!-- Generated by org.testng.reporters.JUnitXMLReporter -->
<testsuite ignored="1" hostname="LAPTOP-BFM5BG7L" failures="0" tests="5" name="Default test" time="116.446" errors="0" timestamp="2022-11-12T05:51:39 IST">
  <testcase classname="Test_Udemy.UdemyTest" name="featuredTopics" time="3.213"/>
  <testcase classname="Test_Udemy.UdemyTest" name="topCategories" time="2.46"/>
  <testcase classname="Test_Udemy.UdemyTest" name="searchSubjects" time="34.404"/>
  <testcase classname="Test_Udemy.UdemyTest" name="searchSubjects" time="33.344"/>
  <testcase classname="Test_Udemy.UdemyTest" name="searchSubjects" time="34.72"/>
  <testcase classname="Test_Udemy.UdemyTest" name="logIn" time="0.0">
    <ignored/>
  </testcase> <!-- logIn -->
</testsuite> <!-- Default test -->
