<?xml version="1.0" encoding="UTF-8"?>
<!-- Generated by org.testng.reporters.JUnitXMLReporter -->
<testsuite ignored="2" hostname="LAPTOP-BFM5BG7L" failures="0" tests="3" name="Default test" time="25.494" errors="0" timestamp="2022-11-12T06:56:51 IST">
  <testcase classname="Test_Udemy.UdemyTest" name="featuredTopics" time="2.606"/>
  <testcase classname="Test_Udemy.UdemyTest" name="topCategories" time="0.421"/>
  <testcase classname="Test_Udemy.UdemyTest" name="Filtering" time="15.127"/>
  <testcase classname="Test_Udemy.UdemyTest" name="logIn" time="0.0">
    <ignored/>
  </testcase> <!-- logIn -->
  <testcase classname="Test_Udemy.UdemyTest" name="searchSubjects" time="0.0">
    <ignored/>
  </testcase> <!-- searchSubjects -->
</testsuite> <!-- Default test -->
