<?xml version="1.0" encoding="UTF-8"?>
<testng-results ignored="1" total="6" passed="5" failed="0" skipped="0">
  <reporter-output>
  </reporter-output>
  <suite started-at="2022-11-12T05:49:43 IST" name="Default suite" finished-at="2022-11-12T05:51:39 IST" duration-ms="116446">
    <groups>
    </groups>
    <test started-at="2022-11-12T05:49:43 IST" name="Default test" finished-at="2022-11-12T05:51:39 IST" duration-ms="116446">
      <class name="Test_Udemy.UdemyTest">
        <test-method is-config="true" signature="beforeSuite()[pri:0, instance:Test_Udemy.UdemyTest@1339e7aa]" started-at="2022-11-12T05:49:43 IST" name="beforeSuite" finished-at="2022-11-12T05:49:43 IST" duration-ms="37" status="PASS">
          <reporter-output>
          </reporter-output>
        </test-method> <!-- beforeSuite -->
        <test-method is-config="true" signature="openB()[pri:0, instance:Test_Udemy.UdemyTest@1339e7aa]" started-at="2022-11-12T05:49:43 IST" name="openB" finished-at="2022-11-12T05:49:51 IST" duration-ms="8030" status="PASS">
          <reporter-output>
          </reporter-output>
        </test-method> <!-- openB -->
        <test-method signature="featuredTopics()[pri:1, instance:Test_Udemy.UdemyTest@1339e7aa]" started-at="2022-11-12T05:49:51 IST" name="featuredTopics" finished-at="2022-11-12T05:49:54 IST" duration-ms="3213" status="PASS">
          <reporter-output>
          </reporter-output>
        </test-method> <!-- featuredTopics -->
        <test-method signature="topCategories()[pri:2, instance:Test_Udemy.UdemyTest@1339e7aa]" started-at="2022-11-12T05:49:54 IST" name="topCategories" finished-at="2022-11-12T05:49:57 IST" duration-ms="2460" status="PASS">
          <reporter-output>
          </reporter-output>
        </test-method> <!-- topCategories -->
        <test-method signature="searchSubjects(java.lang.String)[pri:4, instance:Test_Udemy.UdemyTest@1339e7aa]" started-at="2022-11-12T05:49:57 IST" name="searchSubjects" data-provider="getData" finished-at="2022-11-12T05:50:31 IST" duration-ms="34404" status="PASS">
          <params>
            <param index="0">
              <value>
                <![CDATA[https://www.udemy.com/topic/game-development/]]>
              </value>
            </param>
          </params>
          <reporter-output>
          </reporter-output>
        </test-method> <!-- searchSubjects -->
        <test-method signature="searchSubjects(java.lang.String)[pri:4, instance:Test_Udemy.UdemyTest@1339e7aa]" started-at="2022-11-12T05:50:31 IST" name="searchSubjects" data-provider="getData" finished-at="2022-11-12T05:51:05 IST" duration-ms="33344" status="PASS">
          <params>
            <param index="0">
              <value>
                <![CDATA[https://www.udemy.com/courses/business/]]>
              </value>
            </param>
          </params>
          <reporter-output>
          </reporter-output>
        </test-method> <!-- searchSubjects -->
        <test-method signature="searchSubjects(java.lang.String)[pri:4, instance:Test_Udemy.UdemyTest@1339e7aa]" started-at="2022-11-12T05:51:05 IST" name="searchSubjects" data-provider="getData" finished-at="2022-11-12T05:51:39 IST" duration-ms="34720" status="PASS">
          <params>
            <param index="0">
              <value>
                <![CDATA[https://www.udemy.com/courses/music/]]>
              </value>
            </param>
          </params>
          <reporter-output>
          </reporter-output>
        </test-method> <!-- searchSubjects -->
        <test-method is-config="true" signature="afterSuite()[pri:0, instance:Test_Udemy.UdemyTest@1339e7aa]" started-at="2022-11-12T05:51:39 IST" name="afterSuite" finished-at="2022-11-12T05:51:39 IST" duration-ms="8" status="PASS">
          <reporter-output>
          </reporter-output>
        </test-method> <!-- afterSuite -->
      </class> <!-- Test_Udemy.UdemyTest -->
    </test> <!-- Default test -->
  </suite> <!-- Default suite -->
</testng-results>
