<?xml version="1.0" encoding="UTF-8"?>
<testng-results ignored="0" total="2" passed="2" failed="0" skipped="0">
  <reporter-output>
  </reporter-output>
  <suite started-at="2022-10-18T11:20:40 IDT" name="Default suite" finished-at="2022-10-18T11:21:58 IDT" duration-ms="77056">
    <groups>
    </groups>
    <test started-at="2022-10-18T11:20:40 IDT" name="Default test" finished-at="2022-10-18T11:21:58 IDT" duration-ms="77056">
      <class name="Test_Task.BookingTest">
        <test-method is-config="true" signature="beforeSuite()[pri:0, instance:Test_Task.BookingTest@74bf1791]" started-at="2022-10-18T11:20:40 IDT" name="beforeSuite" finished-at="2022-10-18T11:20:40 IDT" duration-ms="28" status="PASS">
          <reporter-output>
          </reporter-output>
        </test-method> <!-- beforeSuite -->
        <test-method is-config="true" signature="openB()[pri:0, instance:Test_Task.BookingTest@74bf1791]" started-at="2022-10-18T11:20:41 IDT" name="openB" finished-at="2022-10-18T11:20:48 IDT" duration-ms="7866" status="PASS">
          <reporter-output>
          </reporter-output>
        </test-method> <!-- openB -->
        <test-method signature="TestBooking(java.lang.String,java.lang.String,java.lang.String)[pri:0, instance:Test_Task.BookingTest@74bf1791]" started-at="2022-10-18T11:20:48 IDT" name="TestBooking" data-provider="getData" finished-at="2022-10-18T11:21:24 IDT" duration-ms="35148" status="PASS">
          <params>
            <param index="0">
              <value>
                <![CDATA[Jerusalem]]>
              </value>
            </param>
            <param index="1">
              <value>
                <![CDATA[2022-11-15]]>
              </value>
            </param>
            <param index="2">
              <value>
                <![CDATA[2022-11-18]]>
              </value>
            </param>
          </params>
          <reporter-output>
          </reporter-output>
        </test-method> <!-- TestBooking -->
        <test-method signature="TestBooking(java.lang.String,java.lang.String,java.lang.String)[pri:0, instance:Test_Task.BookingTest@74bf1791]" started-at="2022-10-18T11:21:24 IDT" name="TestBooking" data-provider="getData" finished-at="2022-10-18T11:21:58 IDT" duration-ms="33883" status="PASS">
          <params>
            <param index="0">
              <value>
                <![CDATA[Istanbul]]>
              </value>
            </param>
            <param index="1">
              <value>
                <![CDATA[2022-11-15]]>
              </value>
            </param>
            <param index="2">
              <value>
                <![CDATA[2022-11-17]]>
              </value>
            </param>
          </params>
          <reporter-output>
          </reporter-output>
        </test-method> <!-- TestBooking -->
        <test-method is-config="true" signature="afterSuite()[pri:0, instance:Test_Task.BookingTest@74bf1791]" started-at="2022-10-18T11:21:58 IDT" name="afterSuite" finished-at="2022-10-18T11:21:58 IDT" duration-ms="381" status="PASS">
          <reporter-output>
          </reporter-output>
        </test-method> <!-- afterSuite -->
      </class> <!-- Test_Task.BookingTest -->
    </test> <!-- Default test -->
  </suite> <!-- Default suite -->
</testng-results>
